# JRE version: OpenJDK Runtime Environment (11.0.2+9) (build 11.0.2+9)
# Java VM: OpenJDK 64-Bit Server VM (11.0.2+9, mixed mode, tiered, compressed oops, g1 gc, windows-amd64)
Heap:
 garbage-first heap   total 286720K, used 115934K [0x0000000740000000, 0x0000000800000000)
  region size 1024K, 30 young (30720K), 0 survivors (0K)
 Metaspace       used 93391K, capacity 94407K, committed 99484K, reserved 1134592K
  class space    used 12180K, capacity 12584K, committed 14412K, reserved 1048576K
GC Heap History (10 events):
Event: 36818.543 GC heap before
{Heap before GC invocations=1836 (full 1373):
 garbage-first heap   total 286720K, used 99528K [0x0000000740000000, 0x0000000800000000)
  region size 1024K, 2 young (2048K), 0 survivors (0K)
 Metaspace       used 93389K, capacity 94407K, committed 99484K, reserved 1134592K
  class space    used 12180K, capacity 12584K, committed 14412K, reserved 1048576K
}
Event: 36818.639 GC heap after
{Heap after GC invocations=1837 (full 1374):
 garbage-first heap   total 286720K, used 86217K [0x0000000740000000, 0x0000000800000000)
  region size 1024K, 0 young (0K), 0 survivors (0K)
 Metaspace       used 93389K, capacity 94407K, committed 99484K, reserved 1134592K
  class space    used 12180K, capacity 12584K, committed 14412K, reserved 1048576K
}
Event: 36818.680 GC heap before
{Heap before GC invocations=1837 (full 1374):
 garbage-first heap   total 286720K, used 91337K [0x0000000740000000, 0x0000000800000000)
  region size 1024K, 2 young (2048K), 0 survivors (0K)
 Metaspace       used 93389K, capacity 94407K, committed 99484K, reserved 1134592K
  class space    used 12180K, capacity 12584K, committed 14412K, reserved 1048576K
}
Event: 36818.771 GC heap after
{Heap after GC invocations=1838 (full 1375):
 garbage-first heap   total 286720K, used 86217K [0x0000000740000000, 0x0000000800000000)
  region size 1024K, 0 young (0K), 0 survivors (0K)
 Metaspace       used 93389K, capacity 94407K, committed 99484K, reserved 1134592K
  class space    used 12180K, capacity 12584K, committed 14412K, reserved 1048576K
}
Event: 36818.845 GC heap before
{Heap before GC invocations=1838 (full 1375):
 garbage-first heap   total 286720K, used 99529K [0x0000000740000000, 0x0000000800000000)
  region size 1024K, 2 young (2048K), 0 survivors (0K)
 Metaspace       used 93389K, capacity 94407K, committed 99484K, reserved 1134592K
  class space    used 12180K, capacity 12584K, committed 14412K, reserved 1048576K
}
Event: 36818.938 GC heap after
{Heap after GC invocations=1839 (full 1376):
 garbage-first heap   total 286720K, used 86232K [0x0000000740000000, 0x0000000800000000)
  region size 1024K, 0 young (0K), 0 survivors (0K)
 Metaspace       used 93389K, capacity 94407K, committed 99484K, reserved 1134592K
  class space    used 12180K, capacity 12584K, committed 14412K, reserved 1048576K
}
Event: 36818.988 GC heap before
{Heap before GC invocations=1839 (full 1376):
 garbage-first heap   total 286720K, used 91352K [0x0000000740000000, 0x0000000800000000)
  region size 1024K, 2 young (2048K), 0 survivors (0K)
 Metaspace       used 93389K, capacity 94407K, committed 99484K, reserved 1134592K
  class space    used 12180K, capacity 12584K, committed 14412K, reserved 1048576K
}
Event: 36819.082 GC heap after
{Heap after GC invocations=1840 (full 1377):
 garbage-first heap   total 286720K, used 86240K [0x0000000740000000, 0x0000000800000000)
  region size 1024K, 0 young (0K), 0 survivors (0K)
 Metaspace       used 93389K, capacity 94407K, committed 99484K, reserved 1134592K
  class space    used 12180K, capacity 12584K, committed 14412K, reserved 1048576K
}
Event: 36819.139 GC heap before
{Heap before GC invocations=1840 (full 1377):
 garbage-first heap   total 286720K, used 87264K [0x0000000740000000, 0x0000000800000000)
  region size 1024K, 2 young (2048K), 0 survivors (0K)
 Metaspace       used 93389K, capacity 94407K, committed 99484K, reserved 1134592K
  class space    used 12180K, capacity 12584K, committed 14412K, reserved 1048576K
}
Event: 36819.256 GC heap after
{Heap after GC invocations=1841 (full 1378):
 garbage-first heap   total 286720K, used 86238K [0x0000000740000000, 0x0000000800000000)
  region size 1024K, 0 young (0K), 0 survivors (0K)
 Metaspace       used 93389K, capacity 94407K, committed 99484K, reserved 1134592K
  class space    used 12180K, capacity 12584K, committed 14412K, reserved 1048576K
}

