# JRE version: OpenJDK Runtime Environment (11.0.2+9) (build 11.0.2+9)
# Java VM: OpenJDK 64-Bit Server VM (11.0.2+9, mixed mode, tiered, compressed oops, g1 gc, windows-amd64)
Heap:
 garbage-first heap   total 249856K, used 119246K [0x0000000740000000, 0x0000000800000000)
  region size 1024K, 49 young (50176K), 1 survivors (1024K)
 Metaspace       used 91108K, capacity 92132K, committed 97232K, reserved 1132544K
  class space    used 12009K, capacity 12436K, committed 14208K, reserved 1048576K
GC Heap History (10 events):
Event: 29021.463 GC heap before
{Heap before GC invocations=664 (full 222):
 garbage-first heap   total 249856K, used 74406K [0x0000000740000000, 0x0000000800000000)
  region size 1024K, 4 young (4096K), 0 survivors (0K)
 Metaspace       used 91078K, capacity 92132K, committed 97232K, reserved 1132544K
  class space    used 12009K, capacity 12436K, committed 14208K, reserved 1048576K
}
Event: 29021.464 GC heap after
{Heap after GC invocations=665 (full 222):
 garbage-first heap   total 249856K, used 71517K [0x0000000740000000, 0x0000000800000000)
  region size 1024K, 1 young (1024K), 1 survivors (1024K)
 Metaspace       used 91078K, capacity 92132K, committed 97232K, reserved 1132544K
  class space    used 12009K, capacity 12436K, committed 14208K, reserved 1048576K
}
Event: 29022.445 GC heap before
{Heap before GC invocations=666 (full 222):
 garbage-first heap   total 249856K, used 132957K [0x0000000740000000, 0x0000000800000000)
  region size 1024K, 60 young (61440K), 1 survivors (1024K)
 Metaspace       used 91078K, capacity 92132K, committed 97232K, reserved 1132544K
  class space    used 12009K, capacity 12436K, committed 14208K, reserved 1048576K
}
Event: 29022.446 GC heap after
{Heap after GC invocations=667 (full 222):
 garbage-first heap   total 249856K, used 72648K [0x0000000740000000, 0x0000000800000000)
  region size 1024K, 1 young (1024K), 1 survivors (1024K)
 Metaspace       used 91078K, capacity 92132K, committed 97232K, reserved 1132544K
  class space    used 12009K, capacity 12436K, committed 14208K, reserved 1048576K
}
Event: 29023.965 GC heap before
{Heap before GC invocations=667 (full 222):
 garbage-first heap   total 249856K, used 133064K [0x0000000740000000, 0x0000000800000000)
  region size 1024K, 60 young (61440K), 1 survivors (1024K)
 Metaspace       used 91088K, capacity 92132K, committed 97232K, reserved 1132544K
  class space    used 12009K, capacity 12436K, committed 14208K, reserved 1048576K
}
Event: 29023.966 GC heap after
{Heap after GC invocations=668 (full 222):
 garbage-first heap   total 249856K, used 73024K [0x0000000740000000, 0x0000000800000000)
  region size 1024K, 1 young (1024K), 1 survivors (1024K)
 Metaspace       used 91088K, capacity 92132K, committed 97232K, reserved 1132544K
  class space    used 12009K, capacity 12436K, committed 14208K, reserved 1048576K
}
Event: 29025.139 GC heap before
{Heap before GC invocations=669 (full 222):
 garbage-first heap   total 249856K, used 131374K [0x0000000740000000, 0x0000000800000000)
  region size 1024K, 60 young (61440K), 1 survivors (1024K)
 Metaspace       used 91090K, capacity 92132K, committed 97232K, reserved 1132544K
  class space    used 12009K, capacity 12436K, committed 14208K, reserved 1048576K
}
Event: 29025.141 GC heap after
{Heap after GC invocations=670 (full 222):
 garbage-first heap   total 249856K, used 70862K [0x0000000740000000, 0x0000000800000000)
  region size 1024K, 1 young (1024K), 1 survivors (1024K)
 Metaspace       used 91090K, capacity 92132K, committed 97232K, reserved 1132544K
  class space    used 12009K, capacity 12436K, committed 14208K, reserved 1048576K
}
Event: 29027.178 GC heap before
{Heap before GC invocations=670 (full 222):
 garbage-first heap   total 249856K, used 131278K [0x0000000740000000, 0x0000000800000000)
  region size 1024K, 60 young (61440K), 1 survivors (1024K)
 Metaspace       used 91101K, capacity 92132K, committed 97232K, reserved 1132544K
  class space    used 12009K, capacity 12436K, committed 14208K, reserved 1048576K
}
Event: 29027.179 GC heap after
{Heap after GC invocations=671 (full 222):
 garbage-first heap   total 249856K, used 71118K [0x0000000740000000, 0x0000000800000000)
  region size 1024K, 1 young (1024K), 1 survivors (1024K)
 Metaspace       used 91101K, capacity 92132K, committed 97232K, reserved 1132544K
  class space    used 12009K, capacity 12436K, committed 14208K, reserved 1048576K
}

