# JRE version: OpenJDK Runtime Environment (11.0.2+9) (build 11.0.2+9)
# Java VM: OpenJDK 64-Bit Server VM (11.0.2+9, mixed mode, tiered, compressed oops, g1 gc, windows-amd64)
Heap:
 garbage-first heap   total 236544K, used 144686K [0x0000000740000000, 0x0000000800000000)
  region size 1024K, 41 young (41984K), 0 survivors (0K)
 Metaspace       used 88774K, capacity 91064K, committed 91088K, reserved 1126400K
  class space    used 12411K, capacity 13439K, committed 13440K, reserved 1048576K
GC Heap History (10 events):
Event: 178.588 GC heap before
{Heap before GC invocations=143 (full 72):
 garbage-first heap   total 236544K, used 108845K [0x0000000740000000, 0x0000000800000000)
  region size 1024K, 2 young (2048K), 0 survivors (0K)
 Metaspace       used 88713K, capacity 91000K, committed 91088K, reserved 1126400K
  class space    used 12405K, capacity 13439K, committed 13440K, reserved 1048576K
}
Event: 178.672 GC heap after
{Heap after GC invocations=144 (full 73):
 garbage-first heap   total 236544K, used 95533K [0x0000000740000000, 0x0000000800000000)
  region size 1024K, 0 young (0K), 0 survivors (0K)
 Metaspace       used 88713K, capacity 91000K, committed 91088K, reserved 1126400K
  class space    used 12405K, capacity 13439K, committed 13440K, reserved 1048576K
}
Event: 178.838 GC heap before
{Heap before GC invocations=144 (full 73):
 garbage-first heap   total 236544K, used 109869K [0x0000000740000000, 0x0000000800000000)
  region size 1024K, 3 young (3072K), 0 survivors (0K)
 Metaspace       used 88713K, capacity 91000K, committed 91088K, reserved 1126400K
  class space    used 12405K, capacity 13439K, committed 13440K, reserved 1048576K
}
Event: 178.925 GC heap after
{Heap after GC invocations=145 (full 74):
 garbage-first heap   total 236544K, used 95534K [0x0000000740000000, 0x0000000800000000)
  region size 1024K, 0 young (0K), 0 survivors (0K)
 Metaspace       used 88713K, capacity 91000K, committed 91088K, reserved 1126400K
  class space    used 12405K, capacity 13439K, committed 13440K, reserved 1048576K
}
Event: 179.097 GC heap before
{Heap before GC invocations=145 (full 74):
 garbage-first heap   total 236544K, used 108846K [0x0000000740000000, 0x0000000800000000)
  region size 1024K, 2 young (2048K), 0 survivors (0K)
 Metaspace       used 88713K, capacity 91000K, committed 91088K, reserved 1126400K
  class space    used 12405K, capacity 13439K, committed 13440K, reserved 1048576K
}
Event: 179.172 GC heap after
{Heap after GC invocations=146 (full 75):
 garbage-first heap   total 236544K, used 95534K [0x0000000740000000, 0x0000000800000000)
  region size 1024K, 0 young (0K), 0 survivors (0K)
 Metaspace       used 88713K, capacity 91000K, committed 91088K, reserved 1126400K
  class space    used 12405K, capacity 13439K, committed 13440K, reserved 1048576K
}
Event: 179.333 GC heap before
{Heap before GC invocations=146 (full 75):
 garbage-first heap   total 236544K, used 108846K [0x0000000740000000, 0x0000000800000000)
  region size 1024K, 2 young (2048K), 0 survivors (0K)
 Metaspace       used 88713K, capacity 91000K, committed 91088K, reserved 1126400K
  class space    used 12405K, capacity 13439K, committed 13440K, reserved 1048576K
}
Event: 179.406 GC heap after
{Heap after GC invocations=147 (full 76):
 garbage-first heap   total 236544K, used 95531K [0x0000000740000000, 0x0000000800000000)
  region size 1024K, 0 young (0K), 0 survivors (0K)
 Metaspace       used 88713K, capacity 91000K, committed 91088K, reserved 1126400K
  class space    used 12405K, capacity 13439K, committed 13440K, reserved 1048576K
}
Event: 179.577 GC heap before
{Heap before GC invocations=147 (full 76):
 garbage-first heap   total 236544K, used 108843K [0x0000000740000000, 0x0000000800000000)
  region size 1024K, 2 young (2048K), 0 survivors (0K)
 Metaspace       used 88713K, capacity 91000K, committed 91088K, reserved 1126400K
  class space    used 12405K, capacity 13439K, committed 13440K, reserved 1048576K
}
Event: 179.659 GC heap after
{Heap after GC invocations=148 (full 77):
 garbage-first heap   total 236544K, used 95534K [0x0000000740000000, 0x0000000800000000)
  region size 1024K, 0 young (0K), 0 survivors (0K)
 Metaspace       used 88713K, capacity 91000K, committed 91088K, reserved 1126400K
  class space    used 12405K, capacity 13439K, committed 13440K, reserved 1048576K
}

