# JRE version: OpenJDK Runtime Environment (11.0.2+9) (build 11.0.2+9)
# Java VM: OpenJDK 64-Bit Server VM (11.0.2+9, mixed mode, tiered, compressed oops, g1 gc, windows-amd64)
Heap:
 garbage-first heap   total 168960K, used 142354K [0x0000000740000000, 0x0000000800000000)
  region size 1024K, 45 young (46080K), 1 survivors (1024K)
 Metaspace       used 87514K, capacity 89679K, committed 90032K, reserved 1126400K
  class space    used 12229K, capacity 13194K, committed 13312K, reserved 1048576K
GC Heap History (10 events):
Event: 151.674 GC heap before
{Heap before GC invocations=75 (full 26):
 garbage-first heap   total 168960K, used 94184K [0x0000000740000000, 0x0000000800000000)
  region size 1024K, 1 young (1024K), 0 survivors (0K)
 Metaspace       used 87446K, capacity 89615K, committed 89776K, reserved 1126400K
  class space    used 12223K, capacity 13194K, committed 13312K, reserved 1048576K
}
Event: 151.675 GC heap after
{Heap after GC invocations=76 (full 26):
 garbage-first heap   total 168960K, used 94249K [0x0000000740000000, 0x0000000800000000)
  region size 1024K, 1 young (1024K), 1 survivors (1024K)
 Metaspace       used 87446K, capacity 89615K, committed 89776K, reserved 1126400K
  class space    used 12223K, capacity 13194K, committed 13312K, reserved 1048576K
}
Event: 151.733 GC heap before
{Heap before GC invocations=76 (full 26):
 garbage-first heap   total 168960K, used 102441K [0x0000000740000000, 0x0000000800000000)
  region size 1024K, 2 young (2048K), 1 survivors (1024K)
 Metaspace       used 87446K, capacity 89615K, committed 89776K, reserved 1126400K
  class space    used 12223K, capacity 13194K, committed 13312K, reserved 1048576K
}
Event: 151.831 GC heap after
{Heap after GC invocations=77 (full 27):
 garbage-first heap   total 168960K, used 94181K [0x0000000740000000, 0x0000000800000000)
  region size 1024K, 0 young (0K), 0 survivors (0K)
 Metaspace       used 87446K, capacity 89615K, committed 89776K, reserved 1126400K
  class space    used 12223K, capacity 13194K, committed 13312K, reserved 1048576K
}
Event: 151.835 GC heap before
{Heap before GC invocations=77 (full 27):
 garbage-first heap   total 168960K, used 94181K [0x0000000740000000, 0x0000000800000000)
  region size 1024K, 1 young (1024K), 0 survivors (0K)
 Metaspace       used 87447K, capacity 89615K, committed 89776K, reserved 1126400K
  class space    used 12223K, capacity 13194K, committed 13312K, reserved 1048576K
}
Event: 151.836 GC heap after
{Heap after GC invocations=78 (full 27):
 garbage-first heap   total 168960K, used 94225K [0x0000000740000000, 0x0000000800000000)
  region size 1024K, 1 young (1024K), 1 survivors (1024K)
 Metaspace       used 87447K, capacity 89615K, committed 89776K, reserved 1126400K
  class space    used 12223K, capacity 13194K, committed 13312K, reserved 1048576K
}
Event: 151.932 GC heap before
{Heap before GC invocations=78 (full 27):
 garbage-first heap   total 168960K, used 98321K [0x0000000740000000, 0x0000000800000000)
  region size 1024K, 2 young (2048K), 1 survivors (1024K)
 Metaspace       used 87447K, capacity 89615K, committed 89776K, reserved 1126400K
  class space    used 12223K, capacity 13194K, committed 13312K, reserved 1048576K
}
Event: 152.033 GC heap after
{Heap after GC invocations=79 (full 28):
 garbage-first heap   total 168960K, used 94180K [0x0000000740000000, 0x0000000800000000)
  region size 1024K, 0 young (0K), 0 survivors (0K)
 Metaspace       used 87447K, capacity 89615K, committed 89776K, reserved 1126400K
  class space    used 12223K, capacity 13194K, committed 13312K, reserved 1048576K
}
Event: 152.081 GC heap before
{Heap before GC invocations=79 (full 28):
 garbage-first heap   total 168960K, used 94180K [0x0000000740000000, 0x0000000800000000)
  region size 1024K, 1 young (1024K), 0 survivors (0K)
 Metaspace       used 87447K, capacity 89615K, committed 89776K, reserved 1126400K
  class space    used 12223K, capacity 13194K, committed 13312K, reserved 1048576K
}
Event: 152.082 GC heap after
{Heap after GC invocations=80 (full 28):
 garbage-first heap   total 168960K, used 94226K [0x0000000740000000, 0x0000000800000000)
  region size 1024K, 1 young (1024K), 1 survivors (1024K)
 Metaspace       used 87447K, capacity 89615K, committed 89776K, reserved 1126400K
  class space    used 12223K, capacity 13194K, committed 13312K, reserved 1048576K
}

