# JRE version: OpenJDK Runtime Environment (11.0.2+9) (build 11.0.2+9)
# Java VM: OpenJDK 64-Bit Server VM (11.0.2+9, mixed mode, tiered, compressed oops, g1 gc, windows-amd64)
Heap:
 garbage-first heap   total 276480K, used 88053K [0x0000000740000000, 0x0000000800000000)
  region size 1024K, 3 young (3072K), 1 survivors (1024K)
 Metaspace       used 92956K, capacity 94036K, committed 98896K, reserved 1134592K
  class space    used 12186K, capacity 12621K, committed 14336K, reserved 1048576K
GC Heap History (10 events):
Event: 40058.770 GC heap before
{Heap before GC invocations=968 (full 486):
 garbage-first heap   total 276480K, used 144220K [0x0000000740000000, 0x0000000800000000)
  region size 1024K, 59 young (60416K), 1 survivors (1024K)
 Metaspace       used 92933K, capacity 93972K, committed 98896K, reserved 1134592K
  class space    used 12186K, capacity 12621K, committed 14336K, reserved 1048576K
}
Event: 40058.859 GC heap after
{Heap after GC invocations=969 (full 487):
 garbage-first heap   total 276480K, used 83297K [0x0000000740000000, 0x0000000800000000)
  region size 1024K, 0 young (0K), 0 survivors (0K)
 Metaspace       used 92933K, capacity 93972K, committed 98896K, reserved 1134592K
  class space    used 12186K, capacity 12621K, committed 14336K, reserved 1048576K
}
Event: 40070.902 GC heap before
{Heap before GC invocations=969 (full 487):
 garbage-first heap   total 276480K, used 144737K [0x0000000740000000, 0x0000000800000000)
  region size 1024K, 60 young (61440K), 0 survivors (0K)
 Metaspace       used 92937K, capacity 93972K, committed 98896K, reserved 1134592K
  class space    used 12186K, capacity 12621K, committed 14336K, reserved 1048576K
}
Event: 40070.904 GC heap after
{Heap after GC invocations=970 (full 487):
 garbage-first heap   total 276480K, used 83840K [0x0000000740000000, 0x0000000800000000)
  region size 1024K, 1 young (1024K), 1 survivors (1024K)
 Metaspace       used 92937K, capacity 93972K, committed 98896K, reserved 1134592K
  class space    used 12186K, capacity 12621K, committed 14336K, reserved 1048576K
}
Event: 40071.225 GC heap before
{Heap before GC invocations=970 (full 487):
 garbage-first heap   total 276480K, used 94080K [0x0000000740000000, 0x0000000800000000)
  region size 1024K, 9 young (9216K), 1 survivors (1024K)
 Metaspace       used 92939K, capacity 93972K, committed 98896K, reserved 1134592K
  class space    used 12186K, capacity 12621K, committed 14336K, reserved 1048576K
}
Event: 40071.318 GC heap after
{Heap after GC invocations=971 (full 488):
 garbage-first heap   total 276480K, used 83373K [0x0000000740000000, 0x0000000800000000)
  region size 1024K, 0 young (0K), 0 survivors (0K)
 Metaspace       used 92939K, capacity 93972K, committed 98896K, reserved 1134592K
  class space    used 12186K, capacity 12621K, committed 14336K, reserved 1048576K
}
Event: 40108.552 GC heap before
{Heap before GC invocations=971 (full 488):
 garbage-first heap   total 276480K, used 147885K [0x0000000740000000, 0x0000000800000000)
  region size 1024K, 60 young (61440K), 0 survivors (0K)
 Metaspace       used 92948K, capacity 93972K, committed 98896K, reserved 1134592K
  class space    used 12186K, capacity 12621K, committed 14336K, reserved 1048576K
}
Event: 40108.554 GC heap after
{Heap after GC invocations=972 (full 488):
 garbage-first heap   total 276480K, used 87102K [0x0000000740000000, 0x0000000800000000)
  region size 1024K, 1 young (1024K), 1 survivors (1024K)
 Metaspace       used 92948K, capacity 93972K, committed 98896K, reserved 1134592K
  class space    used 12186K, capacity 12621K, committed 14336K, reserved 1048576K
}
Event: 40112.223 GC heap before
{Heap before GC invocations=972 (full 488):
 garbage-first heap   total 276480K, used 147518K [0x0000000740000000, 0x0000000800000000)
  region size 1024K, 60 young (61440K), 1 survivors (1024K)
 Metaspace       used 92956K, capacity 94036K, committed 98896K, reserved 1134592K
  class space    used 12186K, capacity 12621K, committed 14336K, reserved 1048576K
}
Event: 40112.226 GC heap after
{Heap after GC invocations=973 (full 488):
 garbage-first heap   total 276480K, used 87029K [0x0000000740000000, 0x0000000800000000)
  region size 1024K, 1 young (1024K), 1 survivors (1024K)
 Metaspace       used 92956K, capacity 94036K, committed 98896K, reserved 1134592K
  class space    used 12186K, capacity 12621K, committed 14336K, reserved 1048576K
}

